<?xml version="1.0" encoding="UTF-8"?>
<!-- Generated by org.testng.reporters.JUnitXMLReporter -->
<testsuite hostname="MAHESHBA01" ignored="0" name="Default test" tests="2" failures="0" timestamp="02 May 2018 10:03:17 GMT" time="10.067" errors="0">
  <testcase name="google_Search" time="4.649" classname="Test_GitIntegration.Test_GitIntegration.Google_Search"/>
  <testcase name="assertTest" time="0.0" classname="Test_GitIntegration.Test_GitIntegration.Google_Search"/>
</testsuite> <!-- Default test -->
