<?xml version="1.0" encoding="UTF-8"?>
<testng-results skipped="0" failed="0" ignored="0" total="1" passed="1">
  <reporter-output>
  </reporter-output>
  <suite name="Group of group Suite" duration-ms="8457" started-at="2018-04-30T11:30:19Z" finished-at="2018-04-30T11:30:28Z">
    <groups>
    </groups>
    <test name="Group of group Test" duration-ms="8457" started-at="2018-04-30T11:30:19Z" finished-at="2018-04-30T11:30:28Z">
      <class name="Test_GitIntegration.Test_GitIntegration.Google_Search">
        <test-method status="PASS" signature="setupDriver()[pri:0, instance:Test_GitIntegration.Test_GitIntegration.Google_Search@1684286]" name="setupDriver" is-config="true" duration-ms="3201" started-at="2018-04-30T17:00:19Z" finished-at="2018-04-30T17:00:23Z">
          <reporter-output>
          </reporter-output>
        </test-method> <!-- setupDriver -->
        <test-method status="PASS" signature="google_Search()[pri:0, instance:Test_GitIntegration.Test_GitIntegration.Google_Search@1684286]" name="google_Search" duration-ms="2890" started-at="2018-04-30T17:00:23Z" finished-at="2018-04-30T17:00:26Z">
          <reporter-output>
          </reporter-output>
        </test-method> <!-- google_Search -->
        <test-method status="PASS" signature="closeDriver()[pri:0, instance:Test_GitIntegration.Test_GitIntegration.Google_Search@1684286]" name="closeDriver" is-config="true" duration-ms="2350" started-at="2018-04-30T17:00:26Z" finished-at="2018-04-30T17:00:28Z">
          <reporter-output>
          </reporter-output>
        </test-method> <!-- closeDriver -->
      </class> <!-- Test_GitIntegration.Test_GitIntegration.Google_Search -->
    </test> <!-- Group of group Test -->
  </suite> <!-- Group of group Suite -->
</testng-results>
