<?xml version="1.0" encoding="UTF-8"?>
<testng-results skipped="0" failed="0" ignored="0" total="2" passed="2">
  <reporter-output>
  </reporter-output>
  <suite name="Default suite" duration-ms="10067" started-at="2018-05-02T10:03:07Z" finished-at="2018-05-02T10:03:17Z">
    <groups>
    </groups>
    <test name="Default test" duration-ms="10067" started-at="2018-05-02T10:03:07Z" finished-at="2018-05-02T10:03:17Z">
      <class name="Test_GitIntegration.Test_GitIntegration.Google_Search">
        <test-method status="PASS" signature="setupDriver()[pri:0, instance:Test_GitIntegration.Test_GitIntegration.Google_Search@7823a2f9]" name="setupDriver" is-config="true" duration-ms="2994" started-at="2018-05-02T15:33:07Z" finished-at="2018-05-02T15:33:10Z">
          <reporter-output>
          </reporter-output>
        </test-method> <!-- setupDriver -->
        <test-method status="PASS" signature="google_Search()[pri:0, instance:Test_GitIntegration.Test_GitIntegration.Google_Search@7823a2f9]" name="google_Search" duration-ms="4649" started-at="2018-05-02T15:33:10Z" finished-at="2018-05-02T15:33:15Z">
          <reporter-output>
          </reporter-output>
        </test-method> <!-- google_Search -->
        <test-method status="PASS" signature="assertTest()[pri:0, instance:Test_GitIntegration.Test_GitIntegration.Google_Search@7823a2f9]" name="assertTest" duration-ms="0" started-at="2018-05-02T15:33:15Z" depends-on-methods="Test_GitIntegration.Test_GitIntegration.Google_Search.google_Search" finished-at="2018-05-02T15:33:15Z">
          <reporter-output>
          </reporter-output>
        </test-method> <!-- assertTest -->
        <test-method status="PASS" signature="closeDriver()[pri:0, instance:Test_GitIntegration.Test_GitIntegration.Google_Search@7823a2f9]" name="closeDriver" is-config="true" duration-ms="2378" started-at="2018-05-02T15:33:15Z" finished-at="2018-05-02T15:33:17Z">
          <reporter-output>
          </reporter-output>
        </test-method> <!-- closeDriver -->
      </class> <!-- Test_GitIntegration.Test_GitIntegration.Google_Search -->
    </test> <!-- Default test -->
  </suite> <!-- Default suite -->
</testng-results>
